<?xml version="1.0" encoding="UTF-8"?>
<testng-results skipped="0" failed="0" total="1" passed="1">
  <reporter-output>
  </reporter-output>
  <suite name="Default suite" duration-ms="51" started-at="2019-05-20T17:02:10Z" finished-at="2019-05-20T17:02:10Z">
    <groups>
    </groups>
    <test name="Default test" duration-ms="51" started-at="2019-05-20T17:02:10Z" finished-at="2019-05-20T17:02:10Z">
      <class name="com.testNG.NewTest">
        <test-method status="PASS" signature="beforeMethod()[pri:0, instance:com.testNG.NewTest@26f67b76]" name="beforeMethod" is-config="true" duration-ms="6" started-at="2019-05-20T22:32:10Z" finished-at="2019-05-20T22:32:10Z">
          <reporter-output>
          </reporter-output>
        </test-method> <!-- beforeMethod -->
        <test-method status="PASS" signature="f()[pri:0, instance:com.testNG.NewTest@26f67b76]" name="f" duration-ms="29" started-at="2019-05-20T22:32:10Z" finished-at="2019-05-20T22:32:10Z">
          <reporter-output>
          </reporter-output>
        </test-method> <!-- f -->
        <test-method status="PASS" signature="afterMethod()[pri:0, instance:com.testNG.NewTest@26f67b76]" name="afterMethod" is-config="true" duration-ms="0" started-at="2019-05-20T22:32:10Z" finished-at="2019-05-20T22:32:10Z">
          <reporter-output>
          </reporter-output>
        </test-method> <!-- afterMethod -->
      </class> <!-- com.testNG.NewTest -->
    </test> <!-- Default test -->
  </suite> <!-- Default suite -->
</testng-results>
