<?xml version="1.0" encoding="UTF-8"?>
<testng-results skipped="0" failed="0" total="1" passed="1">
  <reporter-output>
  </reporter-output>
  <suite name="Suite" duration-ms="14" started-at="2019-05-18T11:50:20Z" finished-at="2019-05-18T11:50:20Z">
    <groups>
    </groups>
    <test name="Test" duration-ms="14" started-at="2019-05-18T11:50:20Z" finished-at="2019-05-18T11:50:20Z">
      <class name="com.testNG.NewTest">
        <test-method status="PASS" signature="beforeMethod()[pri:0, instance:com.testNG.NewTest@47f37ef1]" name="beforeMethod" is-config="true" duration-ms="5" started-at="2019-05-18T17:20:20Z" finished-at="2019-05-18T17:20:20Z">
          <reporter-output>
          </reporter-output>
        </test-method> <!-- beforeMethod -->
        <test-method status="PASS" signature="f()[pri:0, instance:com.testNG.NewTest@47f37ef1]" name="f" duration-ms="1" started-at="2019-05-18T17:20:20Z" finished-at="2019-05-18T17:20:20Z">
          <reporter-output>
          </reporter-output>
        </test-method> <!-- f -->
        <test-method status="PASS" signature="afterMethod()[pri:0, instance:com.testNG.NewTest@47f37ef1]" name="afterMethod" is-config="true" duration-ms="1" started-at="2019-05-18T17:20:20Z" finished-at="2019-05-18T17:20:20Z">
          <reporter-output>
          </reporter-output>
        </test-method> <!-- afterMethod -->
      </class> <!-- com.testNG.NewTest -->
    </test> <!-- Test -->
  </suite> <!-- Suite -->
</testng-results>
