<?xml version="1.0" encoding="UTF-8"?>
<!-- Generated by org.testng.reporters.JUnitXMLReporter -->
<testsuite hostname="DESKTOP-VGPER08" name="Test" tests="1" failures="1" timestamp="18 May 2019 16:51:41 GMT" time="0.025" errors="0">
  <testcase name="f" time="0.005" classname="com.testNG.NewTest">
    <failure type="java.lang.ClassCastException" message="java.lang.String cannot be cast to java.lang.Integer">
      <![CDATA[java.lang.ClassCastException: java.lang.String cannot be cast to java.lang.Integer
	at java.lang.Integer.compareTo(Integer.java:52)
	at java.util.TreeMap.put(TreeMap.java:568)
	at java.util.TreeSet.add(TreeSet.java:255)
	at com.testNG.NewTest.f(NewTest.java:20)
... Removed 24 stack frames]]>
    </failure>
  </testcase> <!-- f -->
</testsuite> <!-- Test -->
